<?xml version="1.0" encoding="UTF-8"?>
<!-- Generated by org.testng.reporters.JUnitReportReporter -->
<testsuite skipped="0" hostname="ip-172-31-84-83" name="testcases.LoginTest" tests="4" failures="0" timestamp="2022-03-25T12:35:43 UTC" time="19.113" errors="0">
  <testcase name="LoginSuccessTest" time="4.987" classname="testcases.LoginTest"/>
  <system-out/>
  <testcase name="ParameterizedTest" time="5.041" classname="testcases.LoginTest"/>
  <system-out/>
  <testcase name="LoginFailureTest" time="4.519" classname="testcases.LoginTest"/>
  <system-out/>
  <testcase name="ExternalDataTest" time="4.566" classname="testcases.LoginTest"/>
  <system-out/>
</testsuite> <!-- testcases.LoginTest -->
