<?xml version="1.0" encoding="UTF-8"?>
<!-- Generated by org.testng.reporters.JUnitReportReporter -->
<testsuite skipped="0" hostname="ip-172-31-84-83" name="testcases.LoginTest" tests="3" failures="0" timestamp="2022-03-19T04:29:59 UTC" time="13.950" errors="0">
  <testcase name="ExternalDataTest" time="4.397" classname="testcases.LoginTest"/>
  <system-out/>
  <testcase name="LoginSuccessTest" time="5.173" classname="testcases.LoginTest"/>
  <system-out/>
  <testcase name="LoginFailureTest" time="4.380" classname="testcases.LoginTest"/>
  <system-out/>
</testsuite> <!-- testcases.LoginTest -->
