<?xml version="1.0" encoding="UTF-8"?>
<!-- Generated by org.testng.reporters.JUnitReportReporter -->
<testsuite skipped="0" hostname="ip-172-31-84-83" name="testcases.HomeTest" tests="1" failures="0" timestamp="2022-03-19T04:22:20 UTC" time="1.871" errors="0">
  <testcase name="test1" time="1.871" classname="testcases.HomeTest"/>
  <system-out/>
</testsuite> <!-- testcases.HomeTest -->
