<?xml version="1.0" encoding="UTF-8"?>
<!-- Generated by org.testng.reporters.JUnitReportReporter -->
<testsuite skipped="0" hostname="ip-172-31-84-83" name="testcases.HomeTest" tests="1" failures="0" timestamp="2022-03-25T12:42:35 UTC" time="2.053" errors="0">
  <testcase name="test1" time="2.053" classname="testcases.HomeTest"/>
  <system-out/>
</testsuite> <!-- testcases.HomeTest -->
