<?xml version="1.0" encoding="UTF-8"?>
<!-- Generated by org.testng.reporters.JUnitReportReporter -->
<testsuite skipped="0" hostname="ip-172-31-84-83" name="testcases.LoginTest" tests="2" failures="0" timestamp="2022-03-19T04:22:20 UTC" time="9.769" errors="0">
  <testcase name="LoginFailureTest" time="4.520" classname="testcases.LoginTest"/>
  <system-out/>
  <testcase name="LoginSuccessTest" time="5.249" classname="testcases.LoginTest"/>
  <system-out/>
</testsuite> <!-- testcases.LoginTest -->
