<?xml version="1.0" encoding="UTF-8"?>
<!-- Generated by org.testng.reporters.JUnitReportReporter -->
<testsuite skipped="0" hostname="ip-172-31-84-83" name="testcases.LoginTest" tests="2" failures="0" timestamp="2022-03-25T12:42:35 UTC" time="8.641" errors="0">
  <testcase name="LoginSuccessTest" time="4.637" classname="testcases.LoginTest"/>
  <system-out/>
  <testcase name="LoginFailureTest" time="4.004" classname="testcases.LoginTest"/>
  <system-out/>
</testsuite> <!-- testcases.LoginTest -->
